This is pdfTeX, Version 3.141592653-2.6-1.40.22 (TeX Live 2021) (preloaded format=pdflatex 2022.3.25)  27 APR 2022 21:03
entering extended mode
 restricted \write18 enabled.
 %&-line parsing enabled.
**paper.tex
(./paper.tex
LaTeX2e <2020-10-01> patch level 4
L3 programming layer <2021-02-18> (/usr/local/texlive/2021/texmf-dist/tex/latex
/base/article.cls
Document Class: article 2020/04/10 v1.4m Standard LaTeX document class
(/usr/local/texlive/2021/texmf-dist/tex/latex/base/size11.clo
File: size11.clo 2020/04/10 v1.4m Standard LaTeX file (size option)
)
\c@part=\count179
\c@section=\count180
\c@subsection=\count181
\c@subsubsection=\count182
\c@paragraph=\count183
\c@subparagraph=\count184
\c@figure=\count185
\c@table=\count186
\abovecaptionskip=\skip47
\belowcaptionskip=\skip48
\bibindent=\dimen138
) (/usr/local/texlive/2021/texmf-dist/tex/latex/amsmath/amsmath.sty
Package: amsmath 2020/09/23 v2.17i AMS math features
\@mathmargin=\skip49
For additional information on amsmath, use the `?' option.
(/usr/local/texlive/2021/texmf-dist/tex/latex/amsmath/amstext.sty
Package: amstext 2000/06/29 v2.01 AMS text
(/usr/local/texlive/2021/texmf-dist/tex/latex/amsmath/amsgen.sty
File: amsgen.sty 1999/11/30 v2.0 generic functions
\@emptytoks=\toks15
\ex@=\dimen139
)) (/usr/local/texlive/2021/texmf-dist/tex/latex/amsmath/amsbsy.sty
Package: amsbsy 1999/11/29 v1.2d Bold Symbols
\pmbraise@=\dimen140
) (/usr/local/texlive/2021/texmf-dist/tex/latex/amsmath/amsopn.sty
Package: amsopn 2016/03/08 v2.02 operator names
)
\inf@bad=\count187
LaTeX Info: Redefining \frac on input line 234.
\uproot@=\count188
\leftroot@=\count189
LaTeX Info: Redefining \overline on input line 399.
\classnum@=\count190
\DOTSCASE@=\count191
LaTeX Info: Redefining \ldots on input line 496.
LaTeX Info: Redefining \dots on input line 499.
LaTeX Info: Redefining \cdots on input line 620.
\Mathstrutbox@=\box47
\strutbox@=\box48
\big@size=\dimen141
LaTeX Font Info:    Redeclaring font encoding OML on input line 743.
LaTeX Font Info:    Redeclaring font encoding OMS on input line 744.
\macc@depth=\count192
\c@MaxMatrixCols=\count193
\dotsspace@=\muskip16
\c@parentequation=\count194
\dspbrk@lvl=\count195
\tag@help=\toks16
\row@=\count196
\column@=\count197
\maxfields@=\count198
\andhelp@=\toks17
\eqnshift@=\dimen142
\alignsep@=\dimen143
\tagshift@=\dimen144
\tagwidth@=\dimen145
\totwidth@=\dimen146
\lineht@=\dimen147
\@envbody=\toks18
\multlinegap=\skip50
\multlinetaggap=\skip51
\mathdisplay@stack=\toks19
LaTeX Info: Redefining \[ on input line 2923.
LaTeX Info: Redefining \] on input line 2924.
) (/usr/local/texlive/2021/texmf-dist/tex/latex/amsfonts/amssymb.sty
Package: amssymb 2013/01/14 v3.01 AMS font symbols
(/usr/local/texlive/2021/texmf-dist/tex/latex/amsfonts/amsfonts.sty
Package: amsfonts 2013/01/14 v3.01 Basic AMSFonts support
\symAMSa=\mathgroup4
\symAMSb=\mathgroup5
LaTeX Font Info:    Redeclaring math symbol \hbar on input line 98.
LaTeX Font Info:    Overwriting math alphabet `\mathfrak' in version `bold'
(Font)                  U/euf/m/n --> U/euf/b/n on input line 106.
)) (/usr/local/texlive/2021/texmf-dist/tex/latex/psnfss/mathpazo.sty
Package: mathpazo 2020/03/25 PSNFSS-v9.3 Palatino w/ Pazo Math (D.Puga, WaS) 
\symupright=\mathgroup6
) (/usr/local/texlive/2021/texmf-dist/tex/generic/iftex/ifxetex.sty
Package: ifxetex 2019/10/25 v0.7 ifxetex legacy package. Use iftex instead.
(/usr/local/texlive/2021/texmf-dist/tex/generic/iftex/iftex.sty
Package: iftex 2020/03/06 v1.0d TeX engine tests
)) (/usr/local/texlive/2021/texmf-dist/tex/generic/iftex/ifluatex.sty
Package: ifluatex 2019/10/25 v1.5 ifluatex legacy package. Use iftex instead.
) (/usr/local/texlive/2021/texmf-dist/tex/latex/base/fontenc.sty
Package: fontenc 2020/08/10 v2.0s Standard LaTeX package
LaTeX Font Info:    Trying to load font information for T1+ppl on input line 11
2.
(/usr/local/texlive/2021/texmf-dist/tex/latex/psnfss/t1ppl.fd
File: t1ppl.fd 2001/06/04 font definitions for T1/ppl.
)) (/usr/local/texlive/2021/texmf-dist/tex/latex/base/inputenc.sty
Package: inputenc 2020/08/01 v1.3d Input encoding file
\inpenc@prehook=\toks20
\inpenc@posthook=\toks21
) (/usr/local/texlive/2021/texmf-dist/tex/latex/base/textcomp.sty
Package: textcomp 2020/02/02 v2.0n Standard LaTeX package
) (/usr/local/texlive/2021/texmf-dist/tex/latex/upquote/upquote.sty
Package: upquote 2012/04/19 v1.3 upright-quote and grave-accent glyphs in verba
tim
) (/usr/local/texlive/2021/texmf-dist/tex/latex/microtype/microtype.sty
Package: microtype 2021/03/14 v2.8c Micro-typographical refinements (RS)
(/usr/local/texlive/2021/texmf-dist/tex/latex/graphics/keyval.sty
Package: keyval 2014/10/28 v1.15 key=value parser (DPC)
\KV@toks@=\toks22
)
\MT@toks=\toks23
\MT@count=\count199
LaTeX Info: Redefining \textls on input line 790.
\MT@outer@kern=\dimen148
LaTeX Info: Redefining \textmicrotypecontext on input line 1374.
\MT@listname@count=\count266
(/usr/local/texlive/2021/texmf-dist/tex/latex/microtype/microtype-pdftex.def
File: microtype-pdftex.def 2021/03/14 v2.8c Definitions specific to pdftex (RS)

LaTeX Info: Redefining \lsstyle on input line 915.
LaTeX Info: Redefining \lslig on input line 915.
\MT@outer@space=\skip52
)
Package microtype Info: Loading configuration file microtype.cfg.
(/usr/local/texlive/2021/texmf-dist/tex/latex/microtype/microtype.cfg
File: microtype.cfg 2021/03/14 v2.8c microtype main configuration file (RS)
)) (/usr/local/texlive/2021/texmf-dist/tex/latex/parskip/parskip.sty
Package: parskip 2021-03-14 v2.0h non-zero parskip adjustments
(/usr/local/texlive/2021/texmf-dist/tex/latex/kvoptions/kvoptions.sty
Package: kvoptions 2020-10-07 v3.14 Key value format for package options (HO)
(/usr/local/texlive/2021/texmf-dist/tex/generic/ltxcmds/ltxcmds.sty
Package: ltxcmds 2020-05-10 v1.25 LaTeX kernel commands for general use (HO)
) (/usr/local/texlive/2021/texmf-dist/tex/generic/kvsetkeys/kvsetkeys.sty
Package: kvsetkeys 2019/12/15 v1.18 Key value parser (HO)
)) (/usr/local/texlive/2021/texmf-dist/tex/latex/etoolbox/etoolbox.sty
Package: etoolbox 2020/10/05 v2.5k e-TeX tools for LaTeX (JAW)
\etb@tempcnta=\count267
)) (/usr/local/texlive/2021/texmf-dist/tex/latex/xcolor/xcolor.sty
Package: xcolor 2016/05/11 v2.12 LaTeX color extensions (UK)
(/usr/local/texlive/2021/texmf-dist/tex/latex/graphics-cfg/color.cfg
File: color.cfg 2016/01/02 v1.6 sample color configuration
)
Package xcolor Info: Driver file: pdftex.def on input line 225.
(/usr/local/texlive/2021/texmf-dist/tex/latex/graphics-def/pdftex.def
File: pdftex.def 2020/10/05 v1.2a Graphics/color driver for pdftex
)
Package xcolor Info: Model `cmy' substituted by `cmy0' on input line 1348.
Package xcolor Info: Model `hsb' substituted by `rgb' on input line 1352.
Package xcolor Info: Model `RGB' extended on input line 1364.
Package xcolor Info: Model `HTML' substituted by `rgb' on input line 1366.
Package xcolor Info: Model `Hsb' substituted by `hsb' on input line 1367.
Package xcolor Info: Model `tHsb' substituted by `hsb' on input line 1368.
Package xcolor Info: Model `HSB' substituted by `hsb' on input line 1369.
Package xcolor Info: Model `Gray' substituted by `gray' on input line 1370.
Package xcolor Info: Model `wave' substituted by `hsb' on input line 1371.
) (/usr/local/texlive/2021/texmf-dist/tex/latex/xurl/xurl.sty
Package: xurl 2020/12/30 v 0.09a modify URL breaks
(/usr/local/texlive/2021/texmf-dist/tex/latex/url/url.sty
\Urlmuskip=\muskip17
Package: url 2013/09/16  ver 3.4  Verb mode for urls, etc.
)) (/usr/local/texlive/2021/texmf-dist/tex/latex/bookmark/bookmark.sty
Package: bookmark 2020-11-06 v1.29 PDF bookmarks (HO)
(/usr/local/texlive/2021/texmf-dist/tex/latex/hyperref/hyperref.sty
Package: hyperref 2021-02-27 v7.00k Hypertext links for LaTeX
(/usr/local/texlive/2021/texmf-dist/tex/generic/pdftexcmds/pdftexcmds.sty
Package: pdftexcmds 2020-06-27 v0.33 Utility functions of pdfTeX for LuaTeX (HO
)
(/usr/local/texlive/2021/texmf-dist/tex/generic/infwarerr/infwarerr.sty
Package: infwarerr 2019/12/03 v1.5 Providing info/warning/error messages (HO)
)
Package pdftexcmds Info: \pdf@primitive is available.
Package pdftexcmds Info: \pdf@ifprimitive is available.
Package pdftexcmds Info: \pdfdraftmode found.
) (/usr/local/texlive/2021/texmf-dist/tex/generic/kvdefinekeys/kvdefinekeys.sty
Package: kvdefinekeys 2019-12-19 v1.6 Define keys (HO)
) (/usr/local/texlive/2021/texmf-dist/tex/generic/pdfescape/pdfescape.sty
Package: pdfescape 2019/12/09 v1.15 Implements pdfTeX's escape features (HO)
) (/usr/local/texlive/2021/texmf-dist/tex/latex/hycolor/hycolor.sty
Package: hycolor 2020-01-27 v1.10 Color options for hyperref/bookmark (HO)
) (/usr/local/texlive/2021/texmf-dist/tex/latex/letltxmacro/letltxmacro.sty
Package: letltxmacro 2019/12/03 v1.6 Let assignment for LaTeX macros (HO)
) (/usr/local/texlive/2021/texmf-dist/tex/latex/auxhook/auxhook.sty
Package: auxhook 2019-12-17 v1.6 Hooks for auxiliary files (HO)
)
\@linkdim=\dimen149
\Hy@linkcounter=\count268
\Hy@pagecounter=\count269
(/usr/local/texlive/2021/texmf-dist/tex/latex/hyperref/pd1enc.def
File: pd1enc.def 2021-02-27 v7.00k Hyperref: PDFDocEncoding definition (HO)
Now handling font encoding PD1 ...
... no UTF-8 mapping file for font encoding PD1
)
(/usr/local/texlive/2021/texmf-dist/tex/latex/hyperref/hyperref-langpatches.def
File: hyperref-langpatches.def 2021-02-27 v7.00k Hyperref: patches for babel la
nguages
) (/usr/local/texlive/2021/texmf-dist/tex/generic/intcalc/intcalc.sty
Package: intcalc 2019/12/15 v1.3 Expandable calculations with integers (HO)
) (/usr/local/texlive/2021/texmf-dist/tex/generic/etexcmds/etexcmds.sty
Package: etexcmds 2019/12/15 v1.7 Avoid name clashes with e-TeX commands (HO)
)
\Hy@SavedSpaceFactor=\count270
(/usr/local/texlive/2021/texmf-dist/tex/latex/hyperref/puenc.def
File: puenc.def 2021-02-27 v7.00k Hyperref: PDF Unicode definition (HO)
Now handling font encoding PU ...
... no UTF-8 mapping file for font encoding PU
)
Package hyperref Info: Option `unicode' set `true' on input line 4073.
Package hyperref Info: Hyper figures OFF on input line 4192.
Package hyperref Info: Link nesting OFF on input line 4197.
Package hyperref Info: Hyper index ON on input line 4200.
Package hyperref Info: Plain pages OFF on input line 4207.
Package hyperref Info: Backreferencing OFF on input line 4212.
Package hyperref Info: Implicit mode ON; LaTeX internals redefined.
Package hyperref Info: Bookmarks ON on input line 4445.
\c@Hy@tempcnt=\count271
LaTeX Info: Redefining \url on input line 4804.
\XeTeXLinkMargin=\dimen150
(/usr/local/texlive/2021/texmf-dist/tex/generic/bitset/bitset.sty
Package: bitset 2019/12/09 v1.3 Handle bit-vector datatype (HO)
(/usr/local/texlive/2021/texmf-dist/tex/generic/bigintcalc/bigintcalc.sty
Package: bigintcalc 2019/12/15 v1.5 Expandable calculations on big integers (HO
)
))
\Fld@menulength=\count272
\Field@Width=\dimen151
\Fld@charsize=\dimen152
Package hyperref Info: Hyper figures OFF on input line 6075.
Package hyperref Info: Link nesting OFF on input line 6080.
Package hyperref Info: Hyper index ON on input line 6083.
Package hyperref Info: backreferencing OFF on input line 6090.
Package hyperref Info: Link coloring OFF on input line 6095.
Package hyperref Info: Link coloring with OCG OFF on input line 6100.
Package hyperref Info: PDF/A mode OFF on input line 6105.
LaTeX Info: Redefining \ref on input line 6145.
LaTeX Info: Redefining \pageref on input line 6149.
(/usr/local/texlive/2021/texmf-dist/tex/latex/base/atbegshi-ltx.sty
Package: atbegshi-ltx 2020/08/17 v1.0a Emulation of the original atbegshi packa
ge
with kernel methods
)
\Hy@abspage=\count273
\c@Item=\count274
\c@Hfootnote=\count275
)
Package hyperref Info: Driver (autodetected): hpdftex.
(/usr/local/texlive/2021/texmf-dist/tex/latex/hyperref/hpdftex.def
File: hpdftex.def 2021-02-27 v7.00k Hyperref driver for pdfTeX
(/usr/local/texlive/2021/texmf-dist/tex/latex/base/atveryend-ltx.sty
Package: atveryend-ltx 2020/08/19 v1.0a Emulation of the original atvery packag
e
with kernel methods
)
\Fld@listcount=\count276
\c@bookmark@seq@number=\count277

(/usr/local/texlive/2021/texmf-dist/tex/latex/rerunfilecheck/rerunfilecheck.sty
Package: rerunfilecheck 2019/12/05 v1.9 Rerun checks for auxiliary files (HO)

(/usr/local/texlive/2021/texmf-dist/tex/generic/uniquecounter/uniquecounter.sty
Package: uniquecounter 2019/12/15 v1.4 Provide unlimited unique counter (HO)
)
Package uniquecounter Info: New unique counter `rerunfilecheck' on input line 2
86.
)
\Hy@SectionHShift=\skip53
) (/usr/local/texlive/2021/texmf-dist/tex/latex/bookmark/bkm-pdftex.def
File: bkm-pdftex.def 2020-11-06 v1.29 bookmark driver for pdfTeX (HO)
\BKM@id=\count278
)) (/usr/local/texlive/2021/texmf-dist/tex/latex/geometry/geometry.sty
Package: geometry 2020/01/02 v5.9 Page Geometry
(/usr/local/texlive/2021/texmf-dist/tex/generic/iftex/ifvtex.sty
Package: ifvtex 2019/10/25 v1.7 ifvtex legacy package. Use iftex instead.
)
\Gm@cnth=\count279
\Gm@cntv=\count280
\c@Gm@tempcnt=\count281
\Gm@bindingoffset=\dimen153
\Gm@wd@mp=\dimen154
\Gm@odd@mp=\dimen155
\Gm@even@mp=\dimen156
\Gm@layoutwidth=\dimen157
\Gm@layoutheight=\dimen158
\Gm@layouthoffset=\dimen159
\Gm@layoutvoffset=\dimen160
\Gm@dimlist=\toks24
) (/usr/local/texlive/2021/texmf-dist/tex/latex/graphics/graphicx.sty
Package: graphicx 2020/09/09 v1.2b Enhanced LaTeX Graphics (DPC,SPQR)
(/usr/local/texlive/2021/texmf-dist/tex/latex/graphics/graphics.sty
Package: graphics 2020/08/30 v1.4c Standard LaTeX Graphics (DPC,SPQR)
(/usr/local/texlive/2021/texmf-dist/tex/latex/graphics/trig.sty
Package: trig 2016/01/03 v1.10 sin cos tan (DPC)
) (/usr/local/texlive/2021/texmf-dist/tex/latex/graphics-cfg/graphics.cfg
File: graphics.cfg 2016/06/04 v1.11 sample graphics configuration
)
Package graphics Info: Driver file: pdftex.def on input line 105.
)
\Gin@req@height=\dimen161
\Gin@req@width=\dimen162
) (/usr/local/texlive/2021/texmf-dist/tex/latex/booktabs/booktabs.sty
Package: booktabs 2020/01/12 v1.61803398 Publication quality tables
\heavyrulewidth=\dimen163
\lightrulewidth=\dimen164
\cmidrulewidth=\dimen165
\belowrulesep=\dimen166
\belowbottomsep=\dimen167
\aboverulesep=\dimen168
\abovetopsep=\dimen169
\cmidrulesep=\dimen170
\cmidrulekern=\dimen171
\defaultaddspace=\dimen172
\@cmidla=\count282
\@cmidlb=\count283
\@aboverulesep=\dimen173
\@belowrulesep=\dimen174
\@thisruleclass=\count284
\@lastruleclass=\count285
\@thisrulewidth=\dimen175
) (/usr/local/texlive/2021/texmf-dist/tex/latex/tools/longtable.sty
Package: longtable 2020/01/07 v4.13 Multi-page Table package (DPC)
\LTleft=\skip54
\LTright=\skip55
\LTpre=\skip56
\LTpost=\skip57
\LTchunksize=\count286
\LTcapwidth=\dimen176
\LT@head=\box49
\LT@firsthead=\box50
\LT@foot=\box51
\LT@lastfoot=\box52
\LT@cols=\count287
\LT@rows=\count288
\c@LT@tables=\count289
\c@LT@chunks=\count290
\LT@p@ftn=\toks25
) (/usr/local/texlive/2021/texmf-dist/tex/latex/tools/array.sty
Package: array 2020/10/01 v2.5c Tabular extension package (FMi)
\col@sep=\dimen177
\ar@mcellbox=\box53
\extrarowheight=\dimen178
\NC@list=\toks26
\extratabsurround=\skip58
\backup@length=\skip59
\ar@cellbox=\box54
) (/usr/local/texlive/2021/texmf-dist/tex/latex/multirow/multirow.sty
Package: multirow 2021/03/15 v2.8 Span multiple rows of a table
\multirow@colwidth=\skip60
\multirow@cntb=\count291
\multirow@dima=\skip61
\bigstrutjot=\dimen179
) (/usr/local/texlive/2021/texmf-dist/tex/latex/wrapfig/wrapfig.sty
\wrapoverhang=\dimen180
\WF@size=\dimen181
\c@WF@wrappedlines=\count292
\WF@box=\box55
\WF@everypar=\toks27
Package: wrapfig 2003/01/31  v 3.6
) (/usr/local/texlive/2021/texmf-dist/tex/latex/float/float.sty
Package: float 2001/11/08 v1.3d Float enhancements (AL)
\c@float@type=\count293
\float@exts=\toks28
\float@box=\box56
\@float@everytoks=\toks29
\@floatcapt=\box57
) (/usr/local/texlive/2021/texmf-dist/tex/latex/colortbl/colortbl.sty
Package: colortbl 2020/01/04 v1.0e Color table columns (DPC)
\everycr=\toks30
\minrowclearance=\skip62
) (/usr/local/texlive/2021/texmf-dist/tex/latex/pdflscape/pdflscape.sty
Package: pdflscape 2019/12/05 v0.12 Display of landscape pages in PDF (HO)
(/usr/local/texlive/2021/texmf-dist/tex/latex/graphics/lscape.sty
Package: lscape 2020/05/28 v3.02 Landscape Pages (DPC)
)
Package pdflscape Info: Auto-detected driver: pdftex on input line 81.
) (/usr/local/texlive/2021/texmf-dist/tex/latex/tabu/tabu.sty
Package: tabu 2019/01/11 v2.9 - flexible LaTeX tabulars (FC+tabu-fixed)
(/usr/local/texlive/2021/texmf-dist/tex/latex/varwidth/varwidth.sty
Package: varwidth 2009/03/30 ver 0.92;  Variable-width minipages
\@vwid@box=\box58
\sift@deathcycles=\count294
\@vwid@loff=\dimen182
\@vwid@roff=\dimen183
)
\c@taburow=\count295
\tabu@nbcols=\count296
\tabu@cnt=\count297
\tabu@Xcol=\count298
\tabu@alloc=\count299
\tabu@nested=\count300
\tabu@target=\dimen184
\tabu@spreadtarget=\dimen185
\tabu@naturalX=\dimen186
\tabucolX=\dimen187
\tabu@Xsum=\dimen188
\extrarowdepth=\dimen189
\abovetabulinesep=\dimen190
\belowtabulinesep=\dimen191
\tabustrutrule=\dimen192
\tabu@thebody=\toks31
\tabu@footnotes=\toks32
\tabu@box=\box59
\tabu@arstrutbox=\box60
\tabu@hleads=\box61
\tabu@vleads=\box62
\tabu@cellskip=\skip63
)
(/usr/local/texlive/2021/texmf-dist/tex/latex/threeparttable/threeparttable.sty
Package: threeparttable 2003/06/13  v 3.0
\@tempboxb=\box63
)
(/usr/local/texlive/2021/texmf-dist/tex/latex/threeparttablex/threeparttablex.s
ty
Package: threeparttablex 2013/07/23 v0.3 by daleif
(/usr/local/texlive/2021/texmf-dist/tex/latex/environ/environ.sty
Package: environ 2014/05/04 v0.3 A new way to define environments
(/usr/local/texlive/2021/texmf-dist/tex/latex/trimspaces/trimspaces.sty
Package: trimspaces 2009/09/17 v1.1 Trim spaces around a token list
))
\TPTL@width=\skip64
) (/usr/local/texlive/2021/texmf-dist/tex/generic/ulem/ulem.sty
\UL@box=\box64
\UL@hyphenbox=\box65
\UL@skip=\skip65
\UL@hook=\toks33
\UL@height=\dimen193
\UL@pe=\count301
\UL@pixel=\dimen194
\ULC@box=\box66
Package: ulem 2019/11/18
\ULdepth=\dimen195
) (/usr/local/texlive/2021/texmf-dist/tex/latex/makecell/makecell.sty
Package: makecell 2009/08/03 V0.1e Managing of Tab Column Heads and Cells
\rotheadsize=\dimen196
\c@nlinenum=\count302
\TeXr@lab=\toks34
)
\cslhangindent=\skip66
\csllabelwidth=\skip67
(/usr/local/texlive/2021/texmf-dist/tex/latex/tools/calc.sty
Package: calc 2017/05/25 v4.3 Infix arithmetic (KKT,FJ)
\calc@Acount=\count303
\calc@Bcount=\count304
\calc@Adimen=\dimen197
\calc@Bdimen=\dimen198
\calc@Askip=\skip68
\calc@Bskip=\skip69
LaTeX Info: Redefining \setlength on input line 80.
LaTeX Info: Redefining \addtolength on input line 81.
\calc@Ccount=\count305
\calc@Cskip=\skip70
) (/usr/local/texlive/2021/texmf-dist/tex/latex/l3backend/l3backend-pdftex.def
File: l3backend-pdftex.def 2021-03-18 L3 backend support: PDF output (pdfTeX)
\l__color_backend_stack_int=\count306
\l__pdf_internal_box=\box67
) (./paper.aux

LaTeX Warning: Label `tab:unnamed-chunk-6' multiply defined.

)
\openout1 = `paper.aux'.

LaTeX Font Info:    Checking defaults for OML/cmm/m/it on input line 112.
LaTeX Font Info:    ... okay on input line 112.
LaTeX Font Info:    Checking defaults for OMS/cmsy/m/n on input line 112.
LaTeX Font Info:    ... okay on input line 112.
LaTeX Font Info:    Checking defaults for OT1/cmr/m/n on input line 112.
LaTeX Font Info:    ... okay on input line 112.
LaTeX Font Info:    Checking defaults for T1/cmr/m/n on input line 112.
LaTeX Font Info:    ... okay on input line 112.
LaTeX Font Info:    Checking defaults for TS1/cmr/m/n on input line 112.
LaTeX Font Info:    ... okay on input line 112.
LaTeX Font Info:    Checking defaults for OMX/cmex/m/n on input line 112.
LaTeX Font Info:    ... okay on input line 112.
LaTeX Font Info:    Checking defaults for U/cmr/m/n on input line 112.
LaTeX Font Info:    ... okay on input line 112.
LaTeX Font Info:    Checking defaults for PD1/pdf/m/n on input line 112.
LaTeX Font Info:    ... okay on input line 112.
LaTeX Font Info:    Checking defaults for PU/pdf/m/n on input line 112.
LaTeX Font Info:    ... okay on input line 112.
LaTeX Info: Redefining \microtypecontext on input line 112.
Package microtype Info: Generating PDF output.
Package microtype Info: Character protrusion enabled (level 2).
Package microtype Info: Using protrusion set `basicmath'.
Package microtype Info: Automatic font expansion enabled (level 2),
(microtype)             stretch: 20, shrink: 20, step: 1, non-selected.
Package microtype Info: Using default expansion set `alltext-nott'.
LaTeX Info: Redefining \showhyphens on input line 112.
Package microtype Info: No adjustment of tracking.
Package microtype Info: No adjustment of interword spacing.
Package microtype Info: No adjustment of character kerning.
(/usr/local/texlive/2021/texmf-dist/tex/latex/microtype/mt-ppl.cfg
File: mt-ppl.cfg 2005/11/16 v1.6 microtype config. file: Palatino (RS)
) (/usr/local/texlive/2021/texmf-dist/tex/context/base/mkii/supp-pdf.mkii
[Loading MPS to PDF converter (version 2006.09.02).]
\scratchcounter=\count307
\scratchdimen=\dimen199
\scratchbox=\box68
\nofMPsegments=\count308
\nofMParguments=\count309
\everyMPshowfont=\toks35
\MPscratchCnt=\count310
\MPscratchDim=\dimen256
\MPnumerator=\count311
\makeMPintoPDFobject=\count312
\everyMPtoPDFconversion=\toks36
) (/usr/local/texlive/2021/texmf-dist/tex/latex/epstopdf-pkg/epstopdf-base.sty
Package: epstopdf-base 2020-01-24 v2.11 Base part for package epstopdf
Package epstopdf-base Info: Redefining graphics rule for `.eps' on input line 4
85.
(/usr/local/texlive/2021/texmf-dist/tex/latex/latexconfig/epstopdf-sys.cfg
File: epstopdf-sys.cfg 2010/07/13 v1.3 Configuration of (r)epstopdf for TeX Liv
e
))
Package hyperref Info: Link coloring OFF on input line 112.
(/usr/local/texlive/2021/texmf-dist/tex/latex/hyperref/nameref.sty
Package: nameref 2021-04-02 v2.47 Cross-referencing by name of section
(/usr/local/texlive/2021/texmf-dist/tex/latex/refcount/refcount.sty
Package: refcount 2019/12/15 v3.6 Data extraction from label references (HO)
)
(/usr/local/texlive/2021/texmf-dist/tex/generic/gettitlestring/gettitlestring.s
ty
Package: gettitlestring 2019/12/15 v1.6 Cleanup title references (HO)
)
\c@section@level=\count313
)
LaTeX Info: Redefining \ref on input line 112.
LaTeX Info: Redefining \pageref on input line 112.
LaTeX Info: Redefining \nameref on input line 112.
*geometry* driver: auto-detecting
*geometry* detected driver: pdftex
*geometry* verbose mode - [ preamble ] result:
* driver: pdftex
* paper: <default>
* layout: <same size as paper>
* layoutoffset:(h,v)=(0.0pt,0.0pt)
* modes: 
* h-part:(L,W,R)=(72.26999pt, 469.75502pt, 72.26999pt)
* v-part:(T,H,B)=(72.26999pt, 650.43001pt, 72.26999pt)
* \paperwidth=614.295pt
* \paperheight=794.96999pt
* \textwidth=469.75502pt
* \textheight=650.43001pt
* \oddsidemargin=0.0pt
* \evensidemargin=0.0pt
* \topmargin=-37.0pt
* \headheight=12.0pt
* \headsep=25.0pt
* \topskip=11.0pt
* \footskip=30.0pt
* \marginparwidth=59.0pt
* \marginparsep=10.0pt
* \columnsep=10.0pt
* \skip\footins=10.0pt plus 4.0pt minus 2.0pt
* \hoffset=0.0pt
* \voffset=0.0pt
* \mag=1000
* \@twocolumnfalse
* \@twosidefalse
* \@mparswitchfalse
* \@reversemarginfalse
* (1in=72.27pt=25.4mm, 1cm=28.453pt)

LaTeX Font Info:    Trying to load font information for OT1+ppl on input line 1
14.
(/usr/local/texlive/2021/texmf-dist/tex/latex/psnfss/ot1ppl.fd
File: ot1ppl.fd 2001/06/04 font definitions for OT1/ppl.
)
LaTeX Font Info:    Trying to load font information for OML+zplm on input line 
114.
(/usr/local/texlive/2021/texmf-dist/tex/latex/psnfss/omlzplm.fd
File: omlzplm.fd 2002/09/08 Fontinst v1.914 font definitions for OML/zplm.
)
LaTeX Font Info:    Trying to load font information for OMS+zplm on input line 
114.
(/usr/local/texlive/2021/texmf-dist/tex/latex/psnfss/omszplm.fd
File: omszplm.fd 2002/09/08 Fontinst v1.914 font definitions for OMS/zplm.
)
LaTeX Font Info:    Trying to load font information for OMX+zplm on input line 
114.
(/usr/local/texlive/2021/texmf-dist/tex/latex/psnfss/omxzplm.fd
File: omxzplm.fd 2002/09/08 Fontinst v1.914 font definitions for OMX/zplm.
)
LaTeX Font Info:    Font shape `U/msa/m/n' will be
(Font)              scaled to size 12.50409pt on input line 114.
(/usr/local/texlive/2021/texmf-dist/tex/latex/microtype/mt-msa.cfg
File: mt-msa.cfg 2006/02/04 v1.1 microtype config. file: AMS symbols (a) (RS)
)
LaTeX Font Info:    Font shape `U/msa/m/n' will be
(Font)              scaled to size 9.37807pt on input line 114.
LaTeX Font Info:    Font shape `U/msa/m/n' will be
(Font)              scaled to size 7.29405pt on input line 114.
LaTeX Font Info:    Font shape `U/msb/m/n' will be
(Font)              scaled to size 12.50409pt on input line 114.
(/usr/local/texlive/2021/texmf-dist/tex/latex/microtype/mt-msb.cfg
File: mt-msb.cfg 2005/06/01 v1.0 microtype config. file: AMS symbols (b) (RS)
)
LaTeX Font Info:    Font shape `U/msb/m/n' will be
(Font)              scaled to size 9.37807pt on input line 114.
LaTeX Font Info:    Font shape `U/msb/m/n' will be
(Font)              scaled to size 7.29405pt on input line 114.
LaTeX Font Info:    Trying to load font information for OT1+zplm on input line 
114.
(/usr/local/texlive/2021/texmf-dist/tex/latex/psnfss/ot1zplm.fd
File: ot1zplm.fd 2002/09/08 Fontinst v1.914 font definitions for OT1/zplm.
) [1

{/usr/local/texlive/2021/texmf-var/fonts/map/pdftex/updmap/pdftex.map}]
LaTeX Font Info:    Trying to load font information for TS1+ppl on input line 2
33.
(/usr/local/texlive/2021/texmf-dist/tex/latex/psnfss/ts1ppl.fd
File: ts1ppl.fd 2001/06/04 font definitions for TS1/ppl.
) [2] [3]
LaTeX Font Info:    Font shape `U/msa/m/n' will be
(Font)              scaled to size 10.42007pt on input line 398.
LaTeX Font Info:    Font shape `U/msa/m/n' will be
(Font)              scaled to size 7.91925pt on input line 398.
LaTeX Font Info:    Font shape `U/msa/m/n' will be
(Font)              scaled to size 6.25204pt on input line 398.
LaTeX Font Info:    Font shape `U/msb/m/n' will be
(Font)              scaled to size 10.42007pt on input line 398.
LaTeX Font Info:    Font shape `U/msb/m/n' will be
(Font)              scaled to size 7.91925pt on input line 398.
LaTeX Font Info:    Font shape `U/msb/m/n' will be
(Font)              scaled to size 6.25204pt on input line 398.

LaTeX Warning: Float too large for page by 47.85661pt on input line 399.

LaTeX Font Info:    Font shape `U/msa/m/n' will be
(Font)              scaled to size 11.40997pt on input line 469.
LaTeX Font Info:    Font shape `U/msa/m/n' will be
(Font)              scaled to size 8.33606pt on input line 469.
LaTeX Font Info:    Font shape `U/msb/m/n' will be
(Font)              scaled to size 11.40997pt on input line 469.
LaTeX Font Info:    Font shape `U/msb/m/n' will be
(Font)              scaled to size 8.33606pt on input line 469.

Underfull \hbox (badness 10000) in paragraph at lines 565--566

 []

[4] [5pdfTeX warning (ext4): destination with the same identifier (name{table.1
}) has been already used, duplicate ignored
<argument> ...shipout:D \box_use:N \l_shipout_box 
                                                  
l.592 
      ] [6pdfTeX warning (ext4): destination with the same identifier (name{tab
le.2}) has been already used, duplicate ignored
<argument> ...shipout:D \box_use:N \l_shipout_box 
                                                  
l.592 
      pdfTeX warning (ext4): destination with the same identifier (name{table.3
}) has been already used, duplicate ignored
<argument> ...shipout:D \box_use:N \l_shipout_box 
                                                  
l.592 
      pdfTeX warning (ext4): destination with the same identifier (name{table.4
}) has been already used, duplicate ignored
<argument> ...shipout:D \box_use:N \l_shipout_box 
                                                  
l.592 
      ]
LaTeX Font Info:    Trying to load font information for T1+cmtt on input line 6
31.
(/usr/local/texlive/2021/texmf-dist/tex/latex/base/t1cmtt.fd
File: t1cmtt.fd 2019/12/16 v2.5j Standard LaTeX font definitions
) [7pdfTeX warning (ext4): destination with the same identifier (name{table.5})
 has been already used, duplicate ignored
<argument> ...shipout:D \box_use:N \l_shipout_box 
                                                  
l.677 \end{table}
                 ] [8pdfTeX warning (ext4): destination with the same identifie
r (name{table.6}) has been already used, duplicate ignored
<argument> ...shipout:D \box_use:N \l_shipout_box 
                                                  
l.769 ...not-helpsick-helpblk-trdunion.-goveqinc}}
                                                  pdfTeX warning (ext4): destin
ation with the same identifier (name{table.7}) has been already used, duplicate
 ignored
<argument> ...shipout:D \box_use:N \l_shipout_box 
                                                  
l.769 ...not-helpsick-helpblk-trdunion.-goveqinc}}
                                                  ] [9pdfTeX warning (ext4): de
stination with the same identifier (name{table.8}) has been already used, dupli
cate ignored
<argument> ...shipout:D \box_use:N \l_shipout_box 
                                                  
l.834 (
       Zettler and Hilbig. 2009) explored the effect of political orientationpd
fTeX warning (ext4): destination with the same identifier (name{table.9}) has b
een already used, duplicate ignored
<argument> ...shipout:D \box_use:N \l_shipout_box 
                                                  
l.834 (
       Zettler and Hilbig. 2009) explored the effect of political orientation] 
[10] [11] [12] [13]
<paper_files/figure-latex/unnamed-chunk-12-1.pdf, id=167, 453.695pt x 315.1775p
t>
File: paper_files/figure-latex/unnamed-chunk-12-1.pdf Graphic file (type pdf)
<use paper_files/figure-latex/unnamed-chunk-12-1.pdf>
Package pdftex.def Info: paper_files/figure-latex/unnamed-chunk-12-1.pdf  used 
on input line 1259.
(pdftex.def)             Requested size: 453.6939pt x 315.17673pt.
<paper_files/figure-latex/unnamed-chunk-12-2.pdf, id=168, 453.695pt x 315.1775p
t>
File: paper_files/figure-latex/unnamed-chunk-12-2.pdf Graphic file (type pdf)
<use paper_files/figure-latex/unnamed-chunk-12-2.pdf>
Package pdftex.def Info: paper_files/figure-latex/unnamed-chunk-12-2.pdf  used 
on input line 1260.
(pdftex.def)             Requested size: 453.6939pt x 315.17673pt.
<paper_files/figure-latex/unnamed-chunk-12-3.pdf, id=169, 453.695pt x 315.1775p
t>
File: paper_files/figure-latex/unnamed-chunk-12-3.pdf Graphic file (type pdf)
<use paper_files/figure-latex/unnamed-chunk-12-3.pdf>
Package pdftex.def Info: paper_files/figure-latex/unnamed-chunk-12-3.pdf  used 
on input line 1261.
(pdftex.def)             Requested size: 453.6939pt x 315.17673pt.
<paper_files/figure-latex/unnamed-chunk-12-4.pdf, id=170, 453.695pt x 315.1775p
t>
File: paper_files/figure-latex/unnamed-chunk-12-4.pdf Graphic file (type pdf)
<use paper_files/figure-latex/unnamed-chunk-12-4.pdf>
Package pdftex.def Info: paper_files/figure-latex/unnamed-chunk-12-4.pdf  used 
on input line 1262.
(pdftex.def)             Requested size: 453.6939pt x 315.17673pt.
<paper_files/figure-latex/unnamed-chunk-12-5.pdf, id=171, 453.695pt x 315.1775p
t>
File: paper_files/figure-latex/unnamed-chunk-12-5.pdf Graphic file (type pdf)
<use paper_files/figure-latex/unnamed-chunk-12-5.pdf>
Package pdftex.def Info: paper_files/figure-latex/unnamed-chunk-12-5.pdf  used 
on input line 1263.
(pdftex.def)             Requested size: 453.6939pt x 315.17673pt.
<paper_files/figure-latex/unnamed-chunk-12-6.pdf, id=172, 453.695pt x 315.1775p
t>
File: paper_files/figure-latex/unnamed-chunk-12-6.pdf Graphic file (type pdf)
<use paper_files/figure-latex/unnamed-chunk-12-6.pdf>
Package pdftex.def Info: paper_files/figure-latex/unnamed-chunk-12-6.pdf  used 
on input line 1264.
(pdftex.def)             Requested size: 453.6939pt x 315.17673pt.
<paper_files/figure-latex/unnamed-chunk-12-7.pdf, id=173, 453.695pt x 315.1775p
t>
File: paper_files/figure-latex/unnamed-chunk-12-7.pdf Graphic file (type pdf)
<use paper_files/figure-latex/unnamed-chunk-12-7.pdf>
Package pdftex.def Info: paper_files/figure-latex/unnamed-chunk-12-7.pdf  used 
on input line 1265.
(pdftex.def)             Requested size: 453.6939pt x 315.17673pt.
<paper_files/figure-latex/unnamed-chunk-12-8.pdf, id=174, 453.695pt x 315.1775p
t>
File: paper_files/figure-latex/unnamed-chunk-12-8.pdf Graphic file (type pdf)
<use paper_files/figure-latex/unnamed-chunk-12-8.pdf>
Package pdftex.def Info: paper_files/figure-latex/unnamed-chunk-12-8.pdf  used 
on input line 1266.
(pdftex.def)             Requested size: 453.6939pt x 315.17673pt.
<paper_files/figure-latex/unnamed-chunk-12-9.pdf, id=175, 453.695pt x 315.1775p
t>
File: paper_files/figure-latex/unnamed-chunk-12-9.pdf Graphic file (type pdf)
<use paper_files/figure-latex/unnamed-chunk-12-9.pdf>
Package pdftex.def Info: paper_files/figure-latex/unnamed-chunk-12-9.pdf  used 
on input line 1267.
(pdftex.def)             Requested size: 453.6939pt x 315.17673pt.
<paper_files/figure-latex/unnamed-chunk-12-10.pdf, id=176, 453.695pt x 315.1775
pt>
File: paper_files/figure-latex/unnamed-chunk-12-10.pdf Graphic file (type pdf)
<use paper_files/figure-latex/unnamed-chunk-12-10.pdf>
Package pdftex.def Info: paper_files/figure-latex/unnamed-chunk-12-10.pdf  used
 on input line 1268.
(pdftex.def)             Requested size: 453.6939pt x 315.17673pt.

Underfull \hbox (badness 10000) in paragraph at lines 1259--1269
[]
 []


Underfull \hbox (badness 10000) in paragraph at lines 1259--1269
[]
 []


Underfull \hbox (badness 10000) in paragraph at lines 1259--1269
[]
 []


Underfull \hbox (badness 10000) in paragraph at lines 1259--1269
[]
 []


Underfull \hbox (badness 10000) in paragraph at lines 1259--1269
[]
 []


Underfull \hbox (badness 10000) in paragraph at lines 1259--1269
[]
 []


Underfull \hbox (badness 10000) in paragraph at lines 1259--1269
[]
 []


Underfull \hbox (badness 10000) in paragraph at lines 1259--1269
[]
 []


Underfull \hbox (badness 10000) in paragraph at lines 1259--1269
[]
 []

[14]
Overfull \vbox (0.7525pt too high) has occurred while \output is active []

[15 <./paper_files/figure-latex/unnamed-chunk-12-1.pdf> <./paper_files/figure-l
atex/unnamed-chunk-12-2.pdf>] [16 <./paper_files/figure-latex/unnamed-chunk-12-
3.pdf> <./paper_files/figure-latex/unnamed-chunk-12-4.pdf>] [17 <./paper_files/
figure-latex/unnamed-chunk-12-5.pdf> <./paper_files/figure-latex/unnamed-chunk-
12-6.pdf>] [18 <./paper_files/figure-latex/unnamed-chunk-12-7.pdf> <./paper_fil
es/figure-latex/unnamed-chunk-12-8.pdf>]
<paper_files/figure-latex/unnamed-chunk-13-1.pdf, id=282, 444.66125pt x 305.14p
t>
File: paper_files/figure-latex/unnamed-chunk-13-1.pdf Graphic file (type pdf)
<use paper_files/figure-latex/unnamed-chunk-13-1.pdf>
Package pdftex.def Info: paper_files/figure-latex/unnamed-chunk-13-1.pdf  used 
on input line 1270.
(pdftex.def)             Requested size: 444.66016pt x 305.13924pt.
<paper_files/figure-latex/unnamed-chunk-13-2.pdf, id=283, 444.66125pt x 305.14p
t>
File: paper_files/figure-latex/unnamed-chunk-13-2.pdf Graphic file (type pdf)
<use paper_files/figure-latex/unnamed-chunk-13-2.pdf>
Package pdftex.def Info: paper_files/figure-latex/unnamed-chunk-13-2.pdf  used 
on input line 1271.
(pdftex.def)             Requested size: 444.66016pt x 305.13924pt.
<paper_files/figure-latex/unnamed-chunk-13-3.pdf, id=284, 444.66125pt x 305.14p
t>
File: paper_files/figure-latex/unnamed-chunk-13-3.pdf Graphic file (type pdf)
<use paper_files/figure-latex/unnamed-chunk-13-3.pdf>
Package pdftex.def Info: paper_files/figure-latex/unnamed-chunk-13-3.pdf  used 
on input line 1272.
(pdftex.def)             Requested size: 444.66016pt x 305.13924pt.
<paper_files/figure-latex/unnamed-chunk-13-4.pdf, id=285, 444.66125pt x 305.14p
t>
File: paper_files/figure-latex/unnamed-chunk-13-4.pdf Graphic file (type pdf)
<use paper_files/figure-latex/unnamed-chunk-13-4.pdf>
Package pdftex.def Info: paper_files/figure-latex/unnamed-chunk-13-4.pdf  used 
on input line 1273.
(pdftex.def)             Requested size: 444.66016pt x 305.13924pt.
<paper_files/figure-latex/unnamed-chunk-13-5.pdf, id=286, 444.66125pt x 305.14p
t>
File: paper_files/figure-latex/unnamed-chunk-13-5.pdf Graphic file (type pdf)
<use paper_files/figure-latex/unnamed-chunk-13-5.pdf>
Package pdftex.def Info: paper_files/figure-latex/unnamed-chunk-13-5.pdf  used 
on input line 1274.
(pdftex.def)             Requested size: 444.66016pt x 305.13924pt.
<paper_files/figure-latex/unnamed-chunk-13-6.pdf, id=287, 444.66125pt x 305.14p
t>
File: paper_files/figure-latex/unnamed-chunk-13-6.pdf Graphic file (type pdf)
<use paper_files/figure-latex/unnamed-chunk-13-6.pdf>
Package pdftex.def Info: paper_files/figure-latex/unnamed-chunk-13-6.pdf  used 
on input line 1275.
(pdftex.def)             Requested size: 444.66016pt x 305.13924pt.
<paper_files/figure-latex/unnamed-chunk-13-7.pdf, id=288, 444.66125pt x 305.14p
t>
File: paper_files/figure-latex/unnamed-chunk-13-7.pdf Graphic file (type pdf)
<use paper_files/figure-latex/unnamed-chunk-13-7.pdf>
Package pdftex.def Info: paper_files/figure-latex/unnamed-chunk-13-7.pdf  used 
on input line 1276.
(pdftex.def)             Requested size: 444.66016pt x 305.13924pt.

Underfull \hbox (badness 10000) in paragraph at lines 1270--1277
[][]
 []


Underfull \hbox (badness 10000) in paragraph at lines 1270--1277
[]
 []


Underfull \hbox (badness 10000) in paragraph at lines 1270--1277
[]
 []


Underfull \hbox (badness 10000) in paragraph at lines 1270--1277
[]
 []


Underfull \hbox (badness 10000) in paragraph at lines 1270--1277
[]
 []


Underfull \hbox (badness 10000) in paragraph at lines 1270--1277
[]
 []

[19 <./paper_files/figure-latex/unnamed-chunk-12-9.pdf> <./paper_files/figure-l
atex/unnamed-chunk-12-10.pdf>] [20 <./paper_files/figure-latex/unnamed-chunk-13
-1.pdf> <./paper_files/figure-latex/unnamed-chunk-13-2.pdf>] [21 <./paper_files
/figure-latex/unnamed-chunk-13-3.pdf> <./paper_files/figure-latex/unnamed-chunk
-13-4.pdf>] [22 <./paper_files/figure-latex/unnamed-chunk-13-5.pdf> <./paper_fi
les/figure-latex/unnamed-chunk-13-6.pdf>]
<paper_files/figure-latex/unnamed-chunk-14-1.pdf, id=386, 444.66125pt x 305.14p
t>
File: paper_files/figure-latex/unnamed-chunk-14-1.pdf Graphic file (type pdf)
<use paper_files/figure-latex/unnamed-chunk-14-1.pdf>
Package pdftex.def Info: paper_files/figure-latex/unnamed-chunk-14-1.pdf  used 
on input line 1278.
(pdftex.def)             Requested size: 444.66016pt x 305.13924pt.
<paper_files/figure-latex/unnamed-chunk-14-2.pdf, id=387, 444.66125pt x 305.14p
t>
File: paper_files/figure-latex/unnamed-chunk-14-2.pdf Graphic file (type pdf)
<use paper_files/figure-latex/unnamed-chunk-14-2.pdf>
Package pdftex.def Info: paper_files/figure-latex/unnamed-chunk-14-2.pdf  used 
on input line 1279.
(pdftex.def)             Requested size: 444.66016pt x 305.13924pt.
<paper_files/figure-latex/unnamed-chunk-14-3.pdf, id=388, 444.66125pt x 305.14p
t>
File: paper_files/figure-latex/unnamed-chunk-14-3.pdf Graphic file (type pdf)
<use paper_files/figure-latex/unnamed-chunk-14-3.pdf>
Package pdftex.def Info: paper_files/figure-latex/unnamed-chunk-14-3.pdf  used 
on input line 1280.
(pdftex.def)             Requested size: 444.66016pt x 305.13924pt.
<paper_files/figure-latex/unnamed-chunk-14-4.pdf, id=389, 444.66125pt x 305.14p
t>
File: paper_files/figure-latex/unnamed-chunk-14-4.pdf Graphic file (type pdf)
<use paper_files/figure-latex/unnamed-chunk-14-4.pdf>
Package pdftex.def Info: paper_files/figure-latex/unnamed-chunk-14-4.pdf  used 
on input line 1281.
(pdftex.def)             Requested size: 444.66016pt x 305.13924pt.
<paper_files/figure-latex/unnamed-chunk-14-5.pdf, id=390, 444.66125pt x 305.14p
t>
File: paper_files/figure-latex/unnamed-chunk-14-5.pdf Graphic file (type pdf)
<use paper_files/figure-latex/unnamed-chunk-14-5.pdf>
Package pdftex.def Info: paper_files/figure-latex/unnamed-chunk-14-5.pdf  used 
on input line 1282.
(pdftex.def)             Requested size: 444.66016pt x 305.13924pt.
<paper_files/figure-latex/unnamed-chunk-14-6.pdf, id=391, 444.66125pt x 305.14p
t>
File: paper_files/figure-latex/unnamed-chunk-14-6.pdf Graphic file (type pdf)
<use paper_files/figure-latex/unnamed-chunk-14-6.pdf>
Package pdftex.def Info: paper_files/figure-latex/unnamed-chunk-14-6.pdf  used 
on input line 1283.
(pdftex.def)             Requested size: 444.66016pt x 305.13924pt.
<paper_files/figure-latex/unnamed-chunk-14-7.pdf, id=392, 444.66125pt x 305.14p
t>
File: paper_files/figure-latex/unnamed-chunk-14-7.pdf Graphic file (type pdf)
<use paper_files/figure-latex/unnamed-chunk-14-7.pdf>
Package pdftex.def Info: paper_files/figure-latex/unnamed-chunk-14-7.pdf  used 
on input line 1284.
(pdftex.def)             Requested size: 444.66016pt x 305.13924pt.
<paper_files/figure-latex/unnamed-chunk-14-8.pdf, id=393, 444.66125pt x 305.14p
t>
File: paper_files/figure-latex/unnamed-chunk-14-8.pdf Graphic file (type pdf)
<use paper_files/figure-latex/unnamed-chunk-14-8.pdf>
Package pdftex.def Info: paper_files/figure-latex/unnamed-chunk-14-8.pdf  used 
on input line 1285.
(pdftex.def)             Requested size: 444.66016pt x 305.13924pt.

Underfull \hbox (badness 10000) in paragraph at lines 1278--1286
[][]
 []


Underfull \hbox (badness 10000) in paragraph at lines 1278--1286
[]
 []


Underfull \hbox (badness 10000) in paragraph at lines 1278--1286
[]
 []


Underfull \hbox (badness 10000) in paragraph at lines 1278--1286
[]
 []


Underfull \hbox (badness 10000) in paragraph at lines 1278--1286
[]
 []


Underfull \hbox (badness 10000) in paragraph at lines 1278--1286
[]
 []


Underfull \hbox (badness 10000) in paragraph at lines 1278--1286
[]
 []

[23 <./paper_files/figure-latex/unnamed-chunk-13-7.pdf> <./paper_files/figure-l
atex/unnamed-chunk-14-1.pdf>] [24 <./paper_files/figure-latex/unnamed-chunk-14-
2.pdf> <./paper_files/figure-latex/unnamed-chunk-14-3.pdf>] [25 <./paper_files/
figure-latex/unnamed-chunk-14-4.pdf> <./paper_files/figure-latex/unnamed-chunk-
14-5.pdf>] [26 <./paper_files/figure-latex/unnamed-chunk-14-6.pdf> <./paper_fil
es/figure-latex/unnamed-chunk-14-7.pdf>] [27 <./paper_files/figure-latex/unname
d-chunk-14-8.pdf>] (./paper.aux)

LaTeX Warning: There were multiply-defined labels.

 ) 
Here is how much of TeX's memory you used:
 14646 strings out of 478994
 219609 string characters out of 5858184
 592092 words of memory out of 5000000
 31426 multiletter control sequences out of 15000+600000
 452807 words of font info for 273 fonts, out of 8000000 for 9000
 1141 hyphenation exceptions out of 8191
 85i,10n,88p,635b,532s stack positions out of 5000i,500n,10000p,200000b,80000s
{/usr/local/texlive/2021/texmf-dist/fonts/enc/dvips/base/8r.enc}{/usr/local/t
exlive/2021/texmf-dist/fonts/enc/dvips/cm-super/cm-super-t1.enc}</usr/local/tex
live/2021/texmf-dist/fonts/type1/public/amsfonts/cm/cmmi10.pfb></usr/local/texl
ive/2021/texmf-dist/fonts/type1/public/amsfonts/cm/cmr10.pfb></usr/local/texliv
e/2021/texmf-dist/fonts/type1/public/amsfonts/cm/cmsy10.pfb></usr/local/texlive
/2021/texmf-dist/fonts/type1/public/mathpazo/fplmr.pfb></usr/local/texlive/2021
/texmf-dist/fonts/type1/public/cm-super/sftt1095.pfb></usr/local/texlive/2021/t
exmf-dist/fonts/type1/urw/palatino/uplb8a.pfb></usr/local/texlive/2021/texmf-di
st/fonts/type1/urw/palatino/uplr8a.pfb></usr/local/texlive/2021/texmf-dist/font
s/type1/urw/palatino/uplri8a.pfb>
Output written on paper.pdf (27 pages, 299818 bytes).
PDF statistics:
 611 PDF objects out of 1000 (max. 8388607)
 494 compressed objects within 5 object streams
 148 named destinations out of 1000 (max. 500000)
 55510 words of extra memory for PDF output out of 61914 (max. 10000000)

